<?xml version="1.0" encoding="UTF-8"?>
<testsuite xmlns:xsi="http://www.w3.org/2001/XMLSchema-instance" xsi:noNamespaceSchemaLocation="https://maven.apache.org/surefire/maven-surefire-plugin/xsd/surefire-test-report.xsd" name="ru.job4j.forum.control.IndexControlTest" time="2.472" tests="1" errors="1" skipped="0" failures="0">
  <properties>
    <property name="java.specification.version" value="14"/>
    <property name="sun.cpu.isalist" value="amd64"/>
    <property name="sun.jnu.encoding" value="Cp1251"/>
    <property name="java.class.path" value="C:\projects\job4j_forum\target\test-classes;C:\projects\job4j_forum\target\classes;C:\Users\comms\.m2\repository\org\postgresql\postgresql\42.2.12\postgresql-42.2.12.jar;C:\Users\comms\.m2\repository\org\apache\commons\commons-dbcp2\2.7.0\commons-dbcp2-2.7.0.jar;C:\Users\comms\.m2\repository\org\apache\commons\commons-pool2\2.7.0\commons-pool2-2.7.0.jar;C:\Users\comms\.m2\repository\javax\servlet\jstl\1.2\jstl-1.2.jar;C:\Users\comms\.m2\repository\org\springframework\boot\spring-boot-starter-web\2.2.2.RELEASE\spring-boot-starter-web-2.2.2.RELEASE.jar;C:\Users\comms\.m2\repository\org\springframework\boot\spring-boot-starter\2.2.2.RELEASE\spring-boot-starter-2.2.2.RELEASE.jar;C:\Users\comms\.m2\repository\org\springframework\boot\spring-boot\2.2.2.RELEASE\spring-boot-2.2.2.RELEASE.jar;C:\Users\comms\.m2\repository\org\springframework\boot\spring-boot-autoconfigure\2.2.2.RELEASE\spring-boot-autoconfigure-2.2.2.RELEASE.jar;C:\Users\comms\.m2\repository\org\springframework\boot\spring-boot-starter-logging\2.2.2.RELEASE\spring-boot-starter-logging-2.2.2.RELEASE.jar;C:\Users\comms\.m2\repository\ch\qos\logback\logback-classic\1.2.3\logback-classic-1.2.3.jar;C:\Users\comms\.m2\repository\ch\qos\logback\logback-core\1.2.3\logback-core-1.2.3.jar;C:\Users\comms\.m2\repository\org\apache\logging\log4j\log4j-to-slf4j\2.12.1\log4j-to-slf4j-2.12.1.jar;C:\Users\comms\.m2\repository\org\apache\logging\log4j\log4j-api\2.12.1\log4j-api-2.12.1.jar;C:\Users\comms\.m2\repository\org\slf4j\jul-to-slf4j\1.7.29\jul-to-slf4j-1.7.29.jar;C:\Users\comms\.m2\repository\org\springframework\boot\spring-boot-starter-json\2.2.2.RELEASE\spring-boot-starter-json-2.2.2.RELEASE.jar;C:\Users\comms\.m2\repository\com\fasterxml\jackson\core\jackson-databind\2.10.1\jackson-databind-2.10.1.jar;C:\Users\comms\.m2\repository\com\fasterxml\jackson\core\jackson-annotations\2.10.1\jackson-annotations-2.10.1.jar;C:\Users\comms\.m2\repository\com\fasterxml\jackson\core\jackson-core\2.10.1\jackson-core-2.10.1.jar;C:\Users\comms\.m2\repository\com\fasterxml\jackson\datatype\jackson-datatype-jdk8\2.10.1\jackson-datatype-jdk8-2.10.1.jar;C:\Users\comms\.m2\repository\com\fasterxml\jackson\datatype\jackson-datatype-jsr310\2.10.1\jackson-datatype-jsr310-2.10.1.jar;C:\Users\comms\.m2\repository\com\fasterxml\jackson\module\jackson-module-parameter-names\2.10.1\jackson-module-parameter-names-2.10.1.jar;C:\Users\comms\.m2\repository\org\springframework\boot\spring-boot-starter-validation\2.2.2.RELEASE\spring-boot-starter-validation-2.2.2.RELEASE.jar;C:\Users\comms\.m2\repository\jakarta\validation\jakarta.validation-api\2.0.1\jakarta.validation-api-2.0.1.jar;C:\Users\comms\.m2\repository\org\hibernate\validator\hibernate-validator\6.0.18.Final\hibernate-validator-6.0.18.Final.jar;C:\Users\comms\.m2\repository\org\springframework\spring-web\5.2.2.RELEASE\spring-web-5.2.2.RELEASE.jar;C:\Users\comms\.m2\repository\org\springframework\spring-beans\5.2.2.RELEASE\spring-beans-5.2.2.RELEASE.jar;C:\Users\comms\.m2\repository\org\springframework\spring-webmvc\5.2.2.RELEASE\spring-webmvc-5.2.2.RELEASE.jar;C:\Users\comms\.m2\repository\org\springframework\spring-context\5.2.2.RELEASE\spring-context-5.2.2.RELEASE.jar;C:\Users\comms\.m2\repository\org\springframework\spring-expression\5.2.2.RELEASE\spring-expression-5.2.2.RELEASE.jar;C:\Users\comms\.m2\repository\org\springframework\boot\spring-boot-starter-tomcat\2.2.2.RELEASE\spring-boot-starter-tomcat-2.2.2.RELEASE.jar;C:\Users\comms\.m2\repository\jakarta\annotation\jakarta.annotation-api\1.3.5\jakarta.annotation-api-1.3.5.jar;C:\Users\comms\.m2\repository\org\apache\tomcat\embed\tomcat-embed-core\9.0.29\tomcat-embed-core-9.0.29.jar;C:\Users\comms\.m2\repository\org\apache\tomcat\embed\tomcat-embed-el\9.0.29\tomcat-embed-el-9.0.29.jar;C:\Users\comms\.m2\repository\org\apache\tomcat\embed\tomcat-embed-websocket\9.0.29\tomcat-embed-websocket-9.0.29.jar;C:\Users\comms\.m2\repository\org\apache\tomcat\embed\tomcat-embed-jasper\9.0.29\tomcat-embed-jasper-9.0.29.jar;C:\Users\comms\.m2\repository\org\eclipse\jdt\ecj\3.18.0\ecj-3.18.0.jar;C:\Users\comms\.m2\repository\org\springframework\boot\spring-boot-starter-security\2.2.2.RELEASE\spring-boot-starter-security-2.2.2.RELEASE.jar;C:\Users\comms\.m2\repository\org\springframework\spring-aop\5.2.2.RELEASE\spring-aop-5.2.2.RELEASE.jar;C:\Users\comms\.m2\repository\org\springframework\security\spring-security-config\5.2.1.RELEASE\spring-security-config-5.2.1.RELEASE.jar;C:\Users\comms\.m2\repository\org\springframework\security\spring-security-web\5.2.1.RELEASE\spring-security-web-5.2.1.RELEASE.jar;C:\Users\comms\.m2\repository\org\springframework\boot\spring-boot-starter-data-jpa\2.2.2.RELEASE\spring-boot-starter-data-jpa-2.2.2.RELEASE.jar;C:\Users\comms\.m2\repository\org\springframework\boot\spring-boot-starter-aop\2.2.2.RELEASE\spring-boot-starter-aop-2.2.2.RELEASE.jar;C:\Users\comms\.m2\repository\org\aspectj\aspectjweaver\1.9.5\aspectjweaver-1.9.5.jar;C:\Users\comms\.m2\repository\org\springframework\boot\spring-boot-starter-jdbc\2.2.2.RELEASE\spring-boot-starter-jdbc-2.2.2.RELEASE.jar;C:\Users\comms\.m2\repository\com\zaxxer\HikariCP\3.4.1\HikariCP-3.4.1.jar;C:\Users\comms\.m2\repository\org\springframework\spring-jdbc\5.2.2.RELEASE\spring-jdbc-5.2.2.RELEASE.jar;C:\Users\comms\.m2\repository\jakarta\activation\jakarta.activation-api\1.2.1\jakarta.activation-api-1.2.1.jar;C:\Users\comms\.m2\repository\jakarta\persistence\jakarta.persistence-api\2.2.3\jakarta.persistence-api-2.2.3.jar;C:\Users\comms\.m2\repository\jakarta\transaction\jakarta.transaction-api\1.3.3\jakarta.transaction-api-1.3.3.jar;C:\Users\comms\.m2\repository\org\hibernate\hibernate-core\5.4.9.Final\hibernate-core-5.4.9.Final.jar;C:\Users\comms\.m2\repository\org\jboss\logging\jboss-logging\3.4.1.Final\jboss-logging-3.4.1.Final.jar;C:\Users\comms\.m2\repository\org\javassist\javassist\3.24.0-GA\javassist-3.24.0-GA.jar;C:\Users\comms\.m2\repository\net\bytebuddy\byte-buddy\1.10.4\byte-buddy-1.10.4.jar;C:\Users\comms\.m2\repository\antlr\antlr\2.7.7\antlr-2.7.7.jar;C:\Users\comms\.m2\repository\org\jboss\jandex\2.1.1.Final\jandex-2.1.1.Final.jar;C:\Users\comms\.m2\repository\com\fasterxml\classmate\1.5.1\classmate-1.5.1.jar;C:\Users\comms\.m2\repository\org\dom4j\dom4j\2.1.1\dom4j-2.1.1.jar;C:\Users\comms\.m2\repository\org\hibernate\common\hibernate-commons-annotations\5.1.0.Final\hibernate-commons-annotations-5.1.0.Final.jar;C:\Users\comms\.m2\repository\org\glassfish\jaxb\jaxb-runtime\2.3.2\jaxb-runtime-2.3.2.jar;C:\Users\comms\.m2\repository\org\glassfish\jaxb\txw2\2.3.2\txw2-2.3.2.jar;C:\Users\comms\.m2\repository\com\sun\istack\istack-commons-runtime\3.0.8\istack-commons-runtime-3.0.8.jar;C:\Users\comms\.m2\repository\org\jvnet\staxex\stax-ex\1.8.1\stax-ex-1.8.1.jar;C:\Users\comms\.m2\repository\com\sun\xml\fastinfoset\FastInfoset\1.2.16\FastInfoset-1.2.16.jar;C:\Users\comms\.m2\repository\org\springframework\data\spring-data-jpa\2.2.3.RELEASE\spring-data-jpa-2.2.3.RELEASE.jar;C:\Users\comms\.m2\repository\org\springframework\data\spring-data-commons\2.2.3.RELEASE\spring-data-commons-2.2.3.RELEASE.jar;C:\Users\comms\.m2\repository\org\springframework\spring-orm\5.2.2.RELEASE\spring-orm-5.2.2.RELEASE.jar;C:\Users\comms\.m2\repository\org\springframework\spring-tx\5.2.2.RELEASE\spring-tx-5.2.2.RELEASE.jar;C:\Users\comms\.m2\repository\org\springframework\spring-aspects\5.2.2.RELEASE\spring-aspects-5.2.2.RELEASE.jar;C:\Users\comms\.m2\repository\org\springframework\boot\spring-boot-starter-test\2.2.2.RELEASE\spring-boot-starter-test-2.2.2.RELEASE.jar;C:\Users\comms\.m2\repository\org\springframework\boot\spring-boot-test\2.2.2.RELEASE\spring-boot-test-2.2.2.RELEASE.jar;C:\Users\comms\.m2\repository\org\springframework\boot\spring-boot-test-autoconfigure\2.2.2.RELEASE\spring-boot-test-autoconfigure-2.2.2.RELEASE.jar;C:\Users\comms\.m2\repository\com\jayway\jsonpath\json-path\2.4.0\json-path-2.4.0.jar;C:\Users\comms\.m2\repository\net\minidev\json-smart\2.3\json-smart-2.3.jar;C:\Users\comms\.m2\repository\net\minidev\accessors-smart\1.2\accessors-smart-1.2.jar;C:\Users\comms\.m2\repository\org\ow2\asm\asm\5.0.4\asm-5.0.4.jar;C:\Users\comms\.m2\repository\jakarta\xml\bind\jakarta.xml.bind-api\2.3.2\jakarta.xml.bind-api-2.3.2.jar;C:\Users\comms\.m2\repository\org\junit\jupiter\junit-jupiter\5.5.2\junit-jupiter-5.5.2.jar;C:\Users\comms\.m2\repository\org\junit\jupiter\junit-jupiter-api\5.5.2\junit-jupiter-api-5.5.2.jar;C:\Users\comms\.m2\repository\org\opentest4j\opentest4j\1.2.0\opentest4j-1.2.0.jar;C:\Users\comms\.m2\repository\org\junit\platform\junit-platform-commons\1.5.2\junit-platform-commons-1.5.2.jar;C:\Users\comms\.m2\repository\org\junit\jupiter\junit-jupiter-params\5.5.2\junit-jupiter-params-5.5.2.jar;C:\Users\comms\.m2\repository\org\junit\jupiter\junit-jupiter-engine\5.5.2\junit-jupiter-engine-5.5.2.jar;C:\Users\comms\.m2\repository\org\junit\vintage\junit-vintage-engine\5.5.2\junit-vintage-engine-5.5.2.jar;C:\Users\comms\.m2\repository\org\apiguardian\apiguardian-api\1.1.0\apiguardian-api-1.1.0.jar;C:\Users\comms\.m2\repository\org\junit\platform\junit-platform-engine\1.5.2\junit-platform-engine-1.5.2.jar;C:\Users\comms\.m2\repository\org\mockito\mockito-junit-jupiter\3.1.0\mockito-junit-jupiter-3.1.0.jar;C:\Users\comms\.m2\repository\org\assertj\assertj-core\3.13.2\assertj-core-3.13.2.jar;C:\Users\comms\.m2\repository\org\hamcrest\hamcrest\2.1\hamcrest-2.1.jar;C:\Users\comms\.m2\repository\org\mockito\mockito-core\3.1.0\mockito-core-3.1.0.jar;C:\Users\comms\.m2\repository\net\bytebuddy\byte-buddy-agent\1.10.4\byte-buddy-agent-1.10.4.jar;C:\Users\comms\.m2\repository\org\objenesis\objenesis\2.6\objenesis-2.6.jar;C:\Users\comms\.m2\repository\org\skyscreamer\jsonassert\1.5.0\jsonassert-1.5.0.jar;C:\Users\comms\.m2\repository\com\vaadin\external\google\android-json\0.0.20131108.vaadin1\android-json-0.0.20131108.vaadin1.jar;C:\Users\comms\.m2\repository\org\springframework\spring-core\5.2.2.RELEASE\spring-core-5.2.2.RELEASE.jar;C:\Users\comms\.m2\repository\org\springframework\spring-jcl\5.2.2.RELEASE\spring-jcl-5.2.2.RELEASE.jar;C:\Users\comms\.m2\repository\org\springframework\spring-test\5.2.2.RELEASE\spring-test-5.2.2.RELEASE.jar;C:\Users\comms\.m2\repository\org\xmlunit\xmlunit-core\2.6.3\xmlunit-core-2.6.3.jar;C:\Users\comms\.m2\repository\org\springframework\security\spring-security-test\5.2.1.RELEASE\spring-security-test-5.2.1.RELEASE.jar;C:\Users\comms\.m2\repository\org\springframework\security\spring-security-core\5.2.1.RELEASE\spring-security-core-5.2.1.RELEASE.jar;C:\Users\comms\.m2\repository\junit\junit\4.12\junit-4.12.jar;C:\Users\comms\.m2\repository\org\hamcrest\hamcrest-core\2.1\hamcrest-core-2.1.jar;C:\Users\comms\.m2\repository\com\h2database\h2\1.4.200\h2-1.4.200.jar;C:\Users\comms\.m2\repository\org\liquibase\liquibase-core\3.6.2\liquibase-core-3.6.2.jar;C:\Users\comms\.m2\repository\org\yaml\snakeyaml\1.25\snakeyaml-1.25.jar;C:\Users\comms\.m2\repository\org\slf4j\slf4j-api\1.7.29\slf4j-api-1.7.29.jar;"/>
    <property name="java.vm.vendor" value="Oracle Corporation"/>
    <property name="sun.arch.data.model" value="64"/>
    <property name="user.variant" value=""/>
    <property name="java.vendor.url" value="https://java.oracle.com/"/>
    <property name="user.timezone" value="Asia/Yekaterinburg"/>
    <property name="os.name" value="Windows 10"/>
    <property name="java.vm.specification.version" value="14"/>
    <property name="sun.java.launcher" value="SUN_STANDARD"/>
    <property name="user.country" value="RU"/>
    <property name="sun.boot.library.path" value="C:\Program Files\Java\jdk-14.0.2\bin"/>
    <property name="sun.java.command" value="C:\Users\comms\AppData\Local\Temp\surefire9797957697471353637\surefirebooter18310669905080947711.jar C:\Users\comms\AppData\Local\Temp\surefire9797957697471353637 2022-01-16T02-21-35_518-jvmRun1 surefire16316382880817147823tmp surefire_016707330944760961376tmp"/>
    <property name="jdk.debug" value="release"/>
    <property name="surefire.test.class.path" value="C:\projects\job4j_forum\target\test-classes;C:\projects\job4j_forum\target\classes;C:\Users\comms\.m2\repository\org\postgresql\postgresql\42.2.12\postgresql-42.2.12.jar;C:\Users\comms\.m2\repository\org\apache\commons\commons-dbcp2\2.7.0\commons-dbcp2-2.7.0.jar;C:\Users\comms\.m2\repository\org\apache\commons\commons-pool2\2.7.0\commons-pool2-2.7.0.jar;C:\Users\comms\.m2\repository\javax\servlet\jstl\1.2\jstl-1.2.jar;C:\Users\comms\.m2\repository\org\springframework\boot\spring-boot-starter-web\2.2.2.RELEASE\spring-boot-starter-web-2.2.2.RELEASE.jar;C:\Users\comms\.m2\repository\org\springframework\boot\spring-boot-starter\2.2.2.RELEASE\spring-boot-starter-2.2.2.RELEASE.jar;C:\Users\comms\.m2\repository\org\springframework\boot\spring-boot\2.2.2.RELEASE\spring-boot-2.2.2.RELEASE.jar;C:\Users\comms\.m2\repository\org\springframework\boot\spring-boot-autoconfigure\2.2.2.RELEASE\spring-boot-autoconfigure-2.2.2.RELEASE.jar;C:\Users\comms\.m2\repository\org\springframework\boot\spring-boot-starter-logging\2.2.2.RELEASE\spring-boot-starter-logging-2.2.2.RELEASE.jar;C:\Users\comms\.m2\repository\ch\qos\logback\logback-classic\1.2.3\logback-classic-1.2.3.jar;C:\Users\comms\.m2\repository\ch\qos\logback\logback-core\1.2.3\logback-core-1.2.3.jar;C:\Users\comms\.m2\repository\org\apache\logging\log4j\log4j-to-slf4j\2.12.1\log4j-to-slf4j-2.12.1.jar;C:\Users\comms\.m2\repository\org\apache\logging\log4j\log4j-api\2.12.1\log4j-api-2.12.1.jar;C:\Users\comms\.m2\repository\org\slf4j\jul-to-slf4j\1.7.29\jul-to-slf4j-1.7.29.jar;C:\Users\comms\.m2\repository\org\springframework\boot\spring-boot-starter-json\2.2.2.RELEASE\spring-boot-starter-json-2.2.2.RELEASE.jar;C:\Users\comms\.m2\repository\com\fasterxml\jackson\core\jackson-databind\2.10.1\jackson-databind-2.10.1.jar;C:\Users\comms\.m2\repository\com\fasterxml\jackson\core\jackson-annotations\2.10.1\jackson-annotations-2.10.1.jar;C:\Users\comms\.m2\repository\com\fasterxml\jackson\core\jackson-core\2.10.1\jackson-core-2.10.1.jar;C:\Users\comms\.m2\repository\com\fasterxml\jackson\datatype\jackson-datatype-jdk8\2.10.1\jackson-datatype-jdk8-2.10.1.jar;C:\Users\comms\.m2\repository\com\fasterxml\jackson\datatype\jackson-datatype-jsr310\2.10.1\jackson-datatype-jsr310-2.10.1.jar;C:\Users\comms\.m2\repository\com\fasterxml\jackson\module\jackson-module-parameter-names\2.10.1\jackson-module-parameter-names-2.10.1.jar;C:\Users\comms\.m2\repository\org\springframework\boot\spring-boot-starter-validation\2.2.2.RELEASE\spring-boot-starter-validation-2.2.2.RELEASE.jar;C:\Users\comms\.m2\repository\jakarta\validation\jakarta.validation-api\2.0.1\jakarta.validation-api-2.0.1.jar;C:\Users\comms\.m2\repository\org\hibernate\validator\hibernate-validator\6.0.18.Final\hibernate-validator-6.0.18.Final.jar;C:\Users\comms\.m2\repository\org\springframework\spring-web\5.2.2.RELEASE\spring-web-5.2.2.RELEASE.jar;C:\Users\comms\.m2\repository\org\springframework\spring-beans\5.2.2.RELEASE\spring-beans-5.2.2.RELEASE.jar;C:\Users\comms\.m2\repository\org\springframework\spring-webmvc\5.2.2.RELEASE\spring-webmvc-5.2.2.RELEASE.jar;C:\Users\comms\.m2\repository\org\springframework\spring-context\5.2.2.RELEASE\spring-context-5.2.2.RELEASE.jar;C:\Users\comms\.m2\repository\org\springframework\spring-expression\5.2.2.RELEASE\spring-expression-5.2.2.RELEASE.jar;C:\Users\comms\.m2\repository\org\springframework\boot\spring-boot-starter-tomcat\2.2.2.RELEASE\spring-boot-starter-tomcat-2.2.2.RELEASE.jar;C:\Users\comms\.m2\repository\jakarta\annotation\jakarta.annotation-api\1.3.5\jakarta.annotation-api-1.3.5.jar;C:\Users\comms\.m2\repository\org\apache\tomcat\embed\tomcat-embed-core\9.0.29\tomcat-embed-core-9.0.29.jar;C:\Users\comms\.m2\repository\org\apache\tomcat\embed\tomcat-embed-el\9.0.29\tomcat-embed-el-9.0.29.jar;C:\Users\comms\.m2\repository\org\apache\tomcat\embed\tomcat-embed-websocket\9.0.29\tomcat-embed-websocket-9.0.29.jar;C:\Users\comms\.m2\repository\org\apache\tomcat\embed\tomcat-embed-jasper\9.0.29\tomcat-embed-jasper-9.0.29.jar;C:\Users\comms\.m2\repository\org\eclipse\jdt\ecj\3.18.0\ecj-3.18.0.jar;C:\Users\comms\.m2\repository\org\springframework\boot\spring-boot-starter-security\2.2.2.RELEASE\spring-boot-starter-security-2.2.2.RELEASE.jar;C:\Users\comms\.m2\repository\org\springframework\spring-aop\5.2.2.RELEASE\spring-aop-5.2.2.RELEASE.jar;C:\Users\comms\.m2\repository\org\springframework\security\spring-security-config\5.2.1.RELEASE\spring-security-config-5.2.1.RELEASE.jar;C:\Users\comms\.m2\repository\org\springframework\security\spring-security-web\5.2.1.RELEASE\spring-security-web-5.2.1.RELEASE.jar;C:\Users\comms\.m2\repository\org\springframework\boot\spring-boot-starter-data-jpa\2.2.2.RELEASE\spring-boot-starter-data-jpa-2.2.2.RELEASE.jar;C:\Users\comms\.m2\repository\org\springframework\boot\spring-boot-starter-aop\2.2.2.RELEASE\spring-boot-starter-aop-2.2.2.RELEASE.jar;C:\Users\comms\.m2\repository\org\aspectj\aspectjweaver\1.9.5\aspectjweaver-1.9.5.jar;C:\Users\comms\.m2\repository\org\springframework\boot\spring-boot-starter-jdbc\2.2.2.RELEASE\spring-boot-starter-jdbc-2.2.2.RELEASE.jar;C:\Users\comms\.m2\repository\com\zaxxer\HikariCP\3.4.1\HikariCP-3.4.1.jar;C:\Users\comms\.m2\repository\org\springframework\spring-jdbc\5.2.2.RELEASE\spring-jdbc-5.2.2.RELEASE.jar;C:\Users\comms\.m2\repository\jakarta\activation\jakarta.activation-api\1.2.1\jakarta.activation-api-1.2.1.jar;C:\Users\comms\.m2\repository\jakarta\persistence\jakarta.persistence-api\2.2.3\jakarta.persistence-api-2.2.3.jar;C:\Users\comms\.m2\repository\jakarta\transaction\jakarta.transaction-api\1.3.3\jakarta.transaction-api-1.3.3.jar;C:\Users\comms\.m2\repository\org\hibernate\hibernate-core\5.4.9.Final\hibernate-core-5.4.9.Final.jar;C:\Users\comms\.m2\repository\org\jboss\logging\jboss-logging\3.4.1.Final\jboss-logging-3.4.1.Final.jar;C:\Users\comms\.m2\repository\org\javassist\javassist\3.24.0-GA\javassist-3.24.0-GA.jar;C:\Users\comms\.m2\repository\net\bytebuddy\byte-buddy\1.10.4\byte-buddy-1.10.4.jar;C:\Users\comms\.m2\repository\antlr\antlr\2.7.7\antlr-2.7.7.jar;C:\Users\comms\.m2\repository\org\jboss\jandex\2.1.1.Final\jandex-2.1.1.Final.jar;C:\Users\comms\.m2\repository\com\fasterxml\classmate\1.5.1\classmate-1.5.1.jar;C:\Users\comms\.m2\repository\org\dom4j\dom4j\2.1.1\dom4j-2.1.1.jar;C:\Users\comms\.m2\repository\org\hibernate\common\hibernate-commons-annotations\5.1.0.Final\hibernate-commons-annotations-5.1.0.Final.jar;C:\Users\comms\.m2\repository\org\glassfish\jaxb\jaxb-runtime\2.3.2\jaxb-runtime-2.3.2.jar;C:\Users\comms\.m2\repository\org\glassfish\jaxb\txw2\2.3.2\txw2-2.3.2.jar;C:\Users\comms\.m2\repository\com\sun\istack\istack-commons-runtime\3.0.8\istack-commons-runtime-3.0.8.jar;C:\Users\comms\.m2\repository\org\jvnet\staxex\stax-ex\1.8.1\stax-ex-1.8.1.jar;C:\Users\comms\.m2\repository\com\sun\xml\fastinfoset\FastInfoset\1.2.16\FastInfoset-1.2.16.jar;C:\Users\comms\.m2\repository\org\springframework\data\spring-data-jpa\2.2.3.RELEASE\spring-data-jpa-2.2.3.RELEASE.jar;C:\Users\comms\.m2\repository\org\springframework\data\spring-data-commons\2.2.3.RELEASE\spring-data-commons-2.2.3.RELEASE.jar;C:\Users\comms\.m2\repository\org\springframework\spring-orm\5.2.2.RELEASE\spring-orm-5.2.2.RELEASE.jar;C:\Users\comms\.m2\repository\org\springframework\spring-tx\5.2.2.RELEASE\spring-tx-5.2.2.RELEASE.jar;C:\Users\comms\.m2\repository\org\springframework\spring-aspects\5.2.2.RELEASE\spring-aspects-5.2.2.RELEASE.jar;C:\Users\comms\.m2\repository\org\springframework\boot\spring-boot-starter-test\2.2.2.RELEASE\spring-boot-starter-test-2.2.2.RELEASE.jar;C:\Users\comms\.m2\repository\org\springframework\boot\spring-boot-test\2.2.2.RELEASE\spring-boot-test-2.2.2.RELEASE.jar;C:\Users\comms\.m2\repository\org\springframework\boot\spring-boot-test-autoconfigure\2.2.2.RELEASE\spring-boot-test-autoconfigure-2.2.2.RELEASE.jar;C:\Users\comms\.m2\repository\com\jayway\jsonpath\json-path\2.4.0\json-path-2.4.0.jar;C:\Users\comms\.m2\repository\net\minidev\json-smart\2.3\json-smart-2.3.jar;C:\Users\comms\.m2\repository\net\minidev\accessors-smart\1.2\accessors-smart-1.2.jar;C:\Users\comms\.m2\repository\org\ow2\asm\asm\5.0.4\asm-5.0.4.jar;C:\Users\comms\.m2\repository\jakarta\xml\bind\jakarta.xml.bind-api\2.3.2\jakarta.xml.bind-api-2.3.2.jar;C:\Users\comms\.m2\repository\org\junit\jupiter\junit-jupiter\5.5.2\junit-jupiter-5.5.2.jar;C:\Users\comms\.m2\repository\org\junit\jupiter\junit-jupiter-api\5.5.2\junit-jupiter-api-5.5.2.jar;C:\Users\comms\.m2\repository\org\opentest4j\opentest4j\1.2.0\opentest4j-1.2.0.jar;C:\Users\comms\.m2\repository\org\junit\platform\junit-platform-commons\1.5.2\junit-platform-commons-1.5.2.jar;C:\Users\comms\.m2\repository\org\junit\jupiter\junit-jupiter-params\5.5.2\junit-jupiter-params-5.5.2.jar;C:\Users\comms\.m2\repository\org\junit\jupiter\junit-jupiter-engine\5.5.2\junit-jupiter-engine-5.5.2.jar;C:\Users\comms\.m2\repository\org\junit\vintage\junit-vintage-engine\5.5.2\junit-vintage-engine-5.5.2.jar;C:\Users\comms\.m2\repository\org\apiguardian\apiguardian-api\1.1.0\apiguardian-api-1.1.0.jar;C:\Users\comms\.m2\repository\org\junit\platform\junit-platform-engine\1.5.2\junit-platform-engine-1.5.2.jar;C:\Users\comms\.m2\repository\org\mockito\mockito-junit-jupiter\3.1.0\mockito-junit-jupiter-3.1.0.jar;C:\Users\comms\.m2\repository\org\assertj\assertj-core\3.13.2\assertj-core-3.13.2.jar;C:\Users\comms\.m2\repository\org\hamcrest\hamcrest\2.1\hamcrest-2.1.jar;C:\Users\comms\.m2\repository\org\mockito\mockito-core\3.1.0\mockito-core-3.1.0.jar;C:\Users\comms\.m2\repository\net\bytebuddy\byte-buddy-agent\1.10.4\byte-buddy-agent-1.10.4.jar;C:\Users\comms\.m2\repository\org\objenesis\objenesis\2.6\objenesis-2.6.jar;C:\Users\comms\.m2\repository\org\skyscreamer\jsonassert\1.5.0\jsonassert-1.5.0.jar;C:\Users\comms\.m2\repository\com\vaadin\external\google\android-json\0.0.20131108.vaadin1\android-json-0.0.20131108.vaadin1.jar;C:\Users\comms\.m2\repository\org\springframework\spring-core\5.2.2.RELEASE\spring-core-5.2.2.RELEASE.jar;C:\Users\comms\.m2\repository\org\springframework\spring-jcl\5.2.2.RELEASE\spring-jcl-5.2.2.RELEASE.jar;C:\Users\comms\.m2\repository\org\springframework\spring-test\5.2.2.RELEASE\spring-test-5.2.2.RELEASE.jar;C:\Users\comms\.m2\repository\org\xmlunit\xmlunit-core\2.6.3\xmlunit-core-2.6.3.jar;C:\Users\comms\.m2\repository\org\springframework\security\spring-security-test\5.2.1.RELEASE\spring-security-test-5.2.1.RELEASE.jar;C:\Users\comms\.m2\repository\org\springframework\security\spring-security-core\5.2.1.RELEASE\spring-security-core-5.2.1.RELEASE.jar;C:\Users\comms\.m2\repository\junit\junit\4.12\junit-4.12.jar;C:\Users\comms\.m2\repository\org\hamcrest\hamcrest-core\2.1\hamcrest-core-2.1.jar;C:\Users\comms\.m2\repository\com\h2database\h2\1.4.200\h2-1.4.200.jar;C:\Users\comms\.m2\repository\org\liquibase\liquibase-core\3.6.2\liquibase-core-3.6.2.jar;C:\Users\comms\.m2\repository\org\yaml\snakeyaml\1.25\snakeyaml-1.25.jar;C:\Users\comms\.m2\repository\org\slf4j\slf4j-api\1.7.29\slf4j-api-1.7.29.jar;"/>
    <property name="sun.cpu.endian" value="little"/>
    <property name="user.home" value="C:\Users\comms"/>
    <property name="user.language" value="ru"/>
    <property name="java.specification.vendor" value="Oracle Corporation"/>
    <property name="java.version.date" value="2020-07-14"/>
    <property name="java.home" value="C:\Program Files\Java\jdk-14.0.2"/>
    <property name="file.separator" value="\"/>
    <property name="basedir" value="C:\projects\job4j_forum"/>
    <property name="java.vm.compressedOopsMode" value="Zero based"/>
    <property name="line.separator" value="&#10;"/>
    <property name="java.vm.specification.vendor" value="Oracle Corporation"/>
    <property name="java.specification.name" value="Java Platform API Specification"/>
    <property name="surefire.real.class.path" value="C:\Users\comms\AppData\Local\Temp\surefire9797957697471353637\surefirebooter18310669905080947711.jar"/>
    <property name="user.script" value=""/>
    <property name="sun.management.compiler" value="HotSpot 64-Bit Tiered Compilers"/>
    <property name="java.runtime.version" value="14.0.2+12-46"/>
    <property name="user.name" value="comms"/>
    <property name="path.separator" value=";"/>
    <property name="os.version" value="10.0"/>
    <property name="java.runtime.name" value="Java(TM) SE Runtime Environment"/>
    <property name="file.encoding" value="Cp1251"/>
    <property name="java.vm.name" value="Java HotSpot(TM) 64-Bit Server VM"/>
    <property name="localRepository" value="C:\Users\comms\.m2\repository"/>
    <property name="java.vendor.url.bug" value="https://bugreport.java.com/bugreport/"/>
    <property name="java.io.tmpdir" value="C:\Users\comms\AppData\Local\Temp\"/>
    <property name="idea.version" value="2021.2.3"/>
    <property name="java.version" value="14.0.2"/>
    <property name="user.dir" value="C:\projects\job4j_forum"/>
    <property name="os.arch" value="amd64"/>
    <property name="java.vm.specification.name" value="Java Virtual Machine Specification"/>
    <property name="sun.os.patch.level" value=""/>
    <property name="java.library.path" value="C:\Program Files\Java\jdk-14.0.2\bin;C:\WINDOWS\Sun\Java\bin;C:\WINDOWS\system32;C:\WINDOWS;C:\Windows\system32;C:\Windows;C:\Windows\System32\Wbem;C:\Windows\System32\WindowsPowerShell\v1.0\;C:\Windows\System32\OpenSSH\;C:\Program Files (x86)\NVIDIA Corporation\PhysX\Common;C:\Program Files\Git\cmd;C:\Program Files\NVIDIA Corporation\NVIDIA NvDLISR;C:\WINDOWS\system32;C:\WINDOWS;C:\WINDOWS\System32\Wbem;C:\WINDOWS\System32\WindowsPowerShell\v1.0\;C:\WINDOWS\System32\OpenSSH\;C:\Users\comms\AppData\Local\Microsoft\WindowsApps;C:\Program Files\Java\jdk-14.0.2\bin;C:\Tools\apache-maven-3.6.3\bin;C:\Program Files\heroku\bin;."/>
    <property name="java.vm.info" value="mixed mode, sharing"/>
    <property name="java.vendor" value="Oracle Corporation"/>
    <property name="java.vm.version" value="14.0.2+12-46"/>
    <property name="sun.io.unicode.encoding" value="UnicodeLittle"/>
    <property name="java.class.version" value="58.0"/>
  </properties>
  <testcase name="shouldReturnDefaultMessage" classname="ru.job4j.forum.control.IndexControlTest" time="0.001">
    <error message="Failed to load ApplicationContext" type="java.lang.IllegalStateException">java.lang.IllegalStateException: Failed to load ApplicationContext
Caused by: org.springframework.beans.factory.BeanCreationException: 
Error creating bean with name 'liquibase' defined in ru.job4j.forum.Main: Invocation of init method failed; nested exception is liquibase.exception.MigrationFailedException: Migration failed for change set db/schema.sql::raw::includeAll:
     Reason: liquibase.exception.DatabaseException: Невозможно удалить "AUTHORITIES", пока существует зависимый объект "FKRIXIKJHJFEL192YJ7W7XAPDS7"
Cannot drop "AUTHORITIES" because "FKRIXIKJHJFEL192YJ7W7XAPDS7" depends on it; SQL statement:
drop table if exists posts; [90107-200] [Failed SQL: drop table if exists posts;
drop table if exists authorities;
drop table if exists users;


create table posts (
    id serial primary key,
    name varchar(2000),
    description text,
    created timestamp without time zone not null default now()
);

CREATE TABLE authorities (
id serial primary key,
authority VARCHAR(50) NOT NULL unique
);

CREATE TABLE users (
id serial primary key,
username VARCHAR(50) NOT NULL unique,
password VARCHAR(100) NOT NULL,
enabled boolean default true,
authority_id int not null references authorities(id)
);]
Caused by: liquibase.exception.MigrationFailedException: 
Migration failed for change set db/schema.sql::raw::includeAll:
     Reason: liquibase.exception.DatabaseException: Невозможно удалить "AUTHORITIES", пока существует зависимый объект "FKRIXIKJHJFEL192YJ7W7XAPDS7"
Cannot drop "AUTHORITIES" because "FKRIXIKJHJFEL192YJ7W7XAPDS7" depends on it; SQL statement:
drop table if exists posts; [90107-200] [Failed SQL: drop table if exists posts;
drop table if exists authorities;
drop table if exists users;


create table posts (
    id serial primary key,
    name varchar(2000),
    description text,
    created timestamp without time zone not null default now()
);

CREATE TABLE authorities (
id serial primary key,
authority VARCHAR(50) NOT NULL unique
);

CREATE TABLE users (
id serial primary key,
username VARCHAR(50) NOT NULL unique,
password VARCHAR(100) NOT NULL,
enabled boolean default true,
authority_id int not null references authorities(id)
);]
Caused by: liquibase.exception.DatabaseException: 
Невозможно удалить "AUTHORITIES", пока существует зависимый объект "FKRIXIKJHJFEL192YJ7W7XAPDS7"
Cannot drop "AUTHORITIES" because "FKRIXIKJHJFEL192YJ7W7XAPDS7" depends on it; SQL statement:
drop table if exists posts; [90107-200] [Failed SQL: drop table if exists posts;
drop table if exists authorities;
drop table if exists users;


create table posts (
    id serial primary key,
    name varchar(2000),
    description text,
    created timestamp without time zone not null default now()
);

CREATE TABLE authorities (
id serial primary key,
authority VARCHAR(50) NOT NULL unique
);

CREATE TABLE users (
id serial primary key,
username VARCHAR(50) NOT NULL unique,
password VARCHAR(100) NOT NULL,
enabled boolean default true,
authority_id int not null references authorities(id)
);]
Caused by: org.h2.jdbc.JdbcSQLSyntaxErrorException: 
Невозможно удалить "AUTHORITIES", пока существует зависимый объект "FKRIXIKJHJFEL192YJ7W7XAPDS7"
Cannot drop "AUTHORITIES" because "FKRIXIKJHJFEL192YJ7W7XAPDS7" depends on it; SQL statement:
drop table if exists posts; [90107-200]
</error>
    <system-out><![CDATA[02:21:36.125 [main] DEBUG org.springframework.test.context.BootstrapUtils - Instantiating CacheAwareContextLoaderDelegate from class [org.springframework.test.context.cache.DefaultCacheAwareContextLoaderDelegate]
02:21:36.135 [main] DEBUG org.springframework.test.context.BootstrapUtils - Instantiating BootstrapContext using constructor [public org.springframework.test.context.support.DefaultBootstrapContext(java.lang.Class,org.springframework.test.context.CacheAwareContextLoaderDelegate)]
02:21:36.153 [main] DEBUG org.springframework.test.context.BootstrapUtils - Instantiating TestContextBootstrapper for test class [ru.job4j.forum.control.IndexControlTest] from class [org.springframework.boot.test.context.SpringBootTestContextBootstrapper]
02:21:36.162 [main] INFO org.springframework.boot.test.context.SpringBootTestContextBootstrapper - Neither @ContextConfiguration nor @ContextHierarchy found for test class [ru.job4j.forum.control.IndexControlTest], using SpringBootContextLoader
02:21:36.165 [main] DEBUG org.springframework.test.context.support.AbstractContextLoader - Did not detect default resource location for test class [ru.job4j.forum.control.IndexControlTest]: class path resource [ru/job4j/forum/control/IndexControlTest-context.xml] does not exist
02:21:36.165 [main] DEBUG org.springframework.test.context.support.AbstractContextLoader - Did not detect default resource location for test class [ru.job4j.forum.control.IndexControlTest]: class path resource [ru/job4j/forum/control/IndexControlTestContext.groovy] does not exist
02:21:36.165 [main] INFO org.springframework.test.context.support.AbstractContextLoader - Could not detect default resource locations for test class [ru.job4j.forum.control.IndexControlTest]: no resource found for suffixes {-context.xml, Context.groovy}.
02:21:36.198 [main] DEBUG org.springframework.test.context.support.ActiveProfilesUtils - Could not find an 'annotation declaring class' for annotation type [org.springframework.test.context.ActiveProfiles] and class [ru.job4j.forum.control.IndexControlTest]
02:21:36.263 [main] DEBUG org.springframework.boot.test.context.SpringBootTestContextBootstrapper - @TestExecutionListeners is not present for class [ru.job4j.forum.control.IndexControlTest]: using defaults.
02:21:36.263 [main] INFO org.springframework.boot.test.context.SpringBootTestContextBootstrapper - Loaded default TestExecutionListener class names from location [META-INF/spring.factories]: [org.springframework.boot.test.mock.mockito.MockitoTestExecutionListener, org.springframework.boot.test.mock.mockito.ResetMocksTestExecutionListener, org.springframework.boot.test.autoconfigure.restdocs.RestDocsTestExecutionListener, org.springframework.boot.test.autoconfigure.web.client.MockRestServiceServerResetTestExecutionListener, org.springframework.boot.test.autoconfigure.web.servlet.MockMvcPrintOnlyOnFailureTestExecutionListener, org.springframework.boot.test.autoconfigure.web.servlet.WebDriverTestExecutionListener, org.springframework.test.context.web.ServletTestExecutionListener, org.springframework.test.context.support.DirtiesContextBeforeModesTestExecutionListener, org.springframework.test.context.support.DependencyInjectionTestExecutionListener, org.springframework.test.context.support.DirtiesContextTestExecutionListener, org.springframework.test.context.transaction.TransactionalTestExecutionListener, org.springframework.test.context.jdbc.SqlScriptsTestExecutionListener, org.springframework.test.context.event.EventPublishingTestExecutionListener, org.springframework.security.test.context.support.WithSecurityContextTestExecutionListener, org.springframework.security.test.context.support.ReactorContextTestExecutionListener]
02:21:36.275 [main] INFO org.springframework.boot.test.context.SpringBootTestContextBootstrapper - Using TestExecutionListeners: [org.springframework.test.context.web.ServletTestExecutionListener@3bd323e9, org.springframework.test.context.support.DirtiesContextBeforeModesTestExecutionListener@39ac0c0a, org.springframework.boot.test.mock.mockito.MockitoTestExecutionListener@c7ba306, org.springframework.boot.test.autoconfigure.SpringBootDependencyInjectionTestExecutionListener@4ff8d125, org.springframework.test.context.support.DirtiesContextTestExecutionListener@6d167f58, org.springframework.test.context.transaction.TransactionalTestExecutionListener@3403e2ac, org.springframework.test.context.jdbc.SqlScriptsTestExecutionListener@65b104b9, org.springframework.test.context.event.EventPublishingTestExecutionListener@6c4980d3, org.springframework.security.test.context.support.WithSecurityContextTestExecutionListener@327bcebd, org.springframework.security.test.context.support.ReactorContextTestExecutionListener@19c65cdc, org.springframework.boot.test.mock.mockito.ResetMocksTestExecutionListener@74bf1791, org.springframework.boot.test.autoconfigure.restdocs.RestDocsTestExecutionListener@54504ecd, org.springframework.boot.test.autoconfigure.web.client.MockRestServiceServerResetTestExecutionListener@38b27cdc, org.springframework.boot.test.autoconfigure.web.servlet.MockMvcPrintOnlyOnFailureTestExecutionListener@1339e7aa, org.springframework.boot.test.autoconfigure.web.servlet.WebDriverTestExecutionListener@1fb669c3]
02:21:36.277 [main] DEBUG org.springframework.test.context.support.AbstractDirtiesContextTestExecutionListener - Before test class: context [DefaultTestContext@62010f5c testClass = IndexControlTest, testInstance = [null], testMethod = [null], testException = [null], mergedContextConfiguration = [WebMergedContextConfiguration@51fadaff testClass = IndexControlTest, locations = '{}', classes = '{class ru.job4j.forum.Main, class ru.job4j.forum.Main}', contextInitializerClasses = '[]', activeProfiles = '{}', propertySourceLocations = '{}', propertySourceProperties = '{org.springframework.boot.test.context.SpringBootTestContextBootstrapper=true}', contextCustomizers = set[[ImportsContextCustomizer@401f7633 key = [org.springframework.boot.test.autoconfigure.web.servlet.MockMvcAutoConfiguration, org.springframework.boot.test.autoconfigure.web.servlet.MockMvcWebClientAutoConfiguration, org.springframework.boot.test.autoconfigure.web.servlet.MockMvcWebDriverAutoConfiguration, org.springframework.boot.autoconfigure.security.servlet.SecurityAutoConfiguration, org.springframework.boot.autoconfigure.security.servlet.UserDetailsServiceAutoConfiguration, org.springframework.boot.test.autoconfigure.web.servlet.MockMvcSecurityConfiguration]], org.springframework.boot.test.context.filter.ExcludeFilterContextCustomizer@2cf3d63b, org.springframework.boot.test.json.DuplicateJsonObjectContextCustomizerFactory$DuplicateJsonObjectContextCustomizer@173ed316, org.springframework.boot.test.mock.mockito.MockitoContextCustomizer@0, org.springframework.boot.test.web.client.TestRestTemplateContextCustomizer@19e4653c, org.springframework.boot.test.autoconfigure.properties.PropertyMappingContextCustomizer@4b3fa0b3, org.springframework.boot.test.autoconfigure.web.servlet.WebDriverContextCustomizerFactory$Customizer@909217e], resourceBasePath = 'src/main/webapp', contextLoader = 'org.springframework.boot.test.context.SpringBootContextLoader', parent = [null]], attributes = map['org.springframework.test.context.web.ServletTestExecutionListener.activateListener' -> true]], class annotated with @DirtiesContext [false] with mode [null].
02:21:36.295 [main] DEBUG org.springframework.test.context.support.TestPropertySourceUtils - Adding inlined properties to environment: {spring.jmx.enabled=false, org.springframework.boot.test.context.SpringBootTestContextBootstrapper=true, server.port=-1}

  .   ____          _            __ _ _
 /\\ / ___'_ __ _ _(_)_ __  __ _ \ \ \ \
( ( )\___ | '_ | '_| | '_ \/ _` | \ \ \ \
 \\/  ___)| |_)| | | | | || (_| |  ) ) ) )
  '  |____| .__|_| |_|_| |_\__, | / / / /
 =========|_|==============|___/=/_/_/_/
 :: Spring Boot ::        (v2.2.2.RELEASE)

2022-01-16 02:21:36.550  INFO 10492 --- [           main] ru.job4j.forum.control.IndexControlTest  : Starting IndexControlTest on DESKTOP-K2ELF6V with PID 10492 (started by comms in C:\projects\job4j_forum)
2022-01-16 02:21:36.551  INFO 10492 --- [           main] ru.job4j.forum.control.IndexControlTest  : No active profile set, falling back to default profiles: default
2022-01-16 02:21:36.981  INFO 10492 --- [           main] .s.d.r.c.RepositoryConfigurationDelegate : Bootstrapping Spring Data JPA repositories in DEFAULT mode.
2022-01-16 02:21:37.030  INFO 10492 --- [           main] .s.d.r.c.RepositoryConfigurationDelegate : Finished Spring Data repository scanning in 41ms. Found 3 JPA repository interfaces.
2022-01-16 02:21:37.310  INFO 10492 --- [           main] trationDelegate$BeanPostProcessorChecker : Bean 'org.springframework.transaction.annotation.ProxyTransactionManagementConfiguration' of type [org.springframework.transaction.annotation.ProxyTransactionManagementConfiguration] is not eligible for getting processed by all BeanPostProcessors (for example: not eligible for auto-proxying)
2022-01-16 02:21:37.415  INFO 10492 --- [           main] com.zaxxer.hikari.HikariDataSource       : HikariPool-1 - Starting...
2022-01-16 02:21:37.576  INFO 10492 --- [           main] com.zaxxer.hikari.HikariDataSource       : HikariPool-1 - Start completed.
2022-01-16 02:21:37.953  INFO 10492 --- [           main] liquibase.executor.jvm.JdbcExecutor      : SELECT COUNT(*) FROM PUBLIC.DATABASECHANGELOGLOCK
2022-01-16 02:21:37.954  INFO 10492 --- [           main] liquibase.executor.jvm.JdbcExecutor      : SELECT COUNT(*) FROM PUBLIC.DATABASECHANGELOGLOCK
2022-01-16 02:21:37.956  INFO 10492 --- [           main] liquibase.executor.jvm.JdbcExecutor      : SELECT LOCKED FROM PUBLIC.DATABASECHANGELOGLOCK WHERE ID=1
2022-01-16 02:21:37.965  INFO 10492 --- [           main] l.lockservice.StandardLockService        : Successfully acquired change log lock
2022-01-16 02:21:38.455  INFO 10492 --- [           main] liquibase.executor.jvm.JdbcExecutor      : SELECT MD5SUM FROM PUBLIC.DATABASECHANGELOG WHERE MD5SUM IS NOT NULL
2022-01-16 02:21:38.456  INFO 10492 --- [           main] liquibase.executor.jvm.JdbcExecutor      : SELECT COUNT(*) FROM PUBLIC.DATABASECHANGELOG
2022-01-16 02:21:38.456  INFO 10492 --- [           main] l.c.StandardChangeLogHistoryService      : Reading from PUBLIC.DATABASECHANGELOG
2022-01-16 02:21:38.456  INFO 10492 --- [           main] liquibase.executor.jvm.JdbcExecutor      : SELECT * FROM PUBLIC.DATABASECHANGELOG ORDER BY DATEEXECUTED ASC, ORDEREXECUTED ASC
2022-01-16 02:21:38.466  INFO 10492 --- [           main] liquibase.executor.jvm.JdbcExecutor      : drop table if exists posts;
drop table if exists authorities;
drop table if exists users;


create table posts (
    id serial primary key,
    name varchar(2000),
    description text,
    created timestamp without time zone not null default now()
);

CREATE TABLE authorities (
id serial primary key,
authority VARCHAR(50) NOT NULL unique
);

CREATE TABLE users (
id serial primary key,
username VARCHAR(50) NOT NULL unique,
password VARCHAR(100) NOT NULL,
enabled boolean default true,
authority_id int not null references authorities(id)
);
2022-01-16 02:21:38.472 ERROR 10492 --- [           main] liquibase.changelog.ChangeSet            : Change Set db/schema.sql::raw::includeAll failed.  Error: Невозможно удалить "AUTHORITIES", пока существует зависимый объект "FKRIXIKJHJFEL192YJ7W7XAPDS7"
Cannot drop "AUTHORITIES" because "FKRIXIKJHJFEL192YJ7W7XAPDS7" depends on it; SQL statement:
drop table if exists posts; [90107-200] [Failed SQL: drop table if exists posts;
drop table if exists authorities;
drop table if exists users;


create table posts (
    id serial primary key,
    name varchar(2000),
    description text,
    created timestamp without time zone not null default now()
);

CREATE TABLE authorities (
id serial primary key,
authority VARCHAR(50) NOT NULL unique
);

CREATE TABLE users (
id serial primary key,
username VARCHAR(50) NOT NULL unique,
password VARCHAR(100) NOT NULL,
enabled boolean default true,
authority_id int not null references authorities(id)
);]
2022-01-16 02:21:38.473  INFO 10492 --- [           main] l.lockservice.StandardLockService        : Successfully released change log lock
2022-01-16 02:21:38.474  WARN 10492 --- [           main] o.s.w.c.s.GenericWebApplicationContext   : Exception encountered during context initialization - cancelling refresh attempt: org.springframework.beans.factory.BeanCreationException: Error creating bean with name 'liquibase' defined in ru.job4j.forum.Main: Invocation of init method failed; nested exception is liquibase.exception.MigrationFailedException: Migration failed for change set db/schema.sql::raw::includeAll:
     Reason: liquibase.exception.DatabaseException: Невозможно удалить "AUTHORITIES", пока существует зависимый объект "FKRIXIKJHJFEL192YJ7W7XAPDS7"
Cannot drop "AUTHORITIES" because "FKRIXIKJHJFEL192YJ7W7XAPDS7" depends on it; SQL statement:
drop table if exists posts; [90107-200] [Failed SQL: drop table if exists posts;
drop table if exists authorities;
drop table if exists users;


create table posts (
    id serial primary key,
    name varchar(2000),
    description text,
    created timestamp without time zone not null default now()
);

CREATE TABLE authorities (
id serial primary key,
authority VARCHAR(50) NOT NULL unique
);

CREATE TABLE users (
id serial primary key,
username VARCHAR(50) NOT NULL unique,
password VARCHAR(100) NOT NULL,
enabled boolean default true,
authority_id int not null references authorities(id)
);]
2022-01-16 02:21:38.475  INFO 10492 --- [           main] com.zaxxer.hikari.HikariDataSource       : HikariPool-1 - Shutdown initiated...
2022-01-16 02:21:38.483  INFO 10492 --- [           main] com.zaxxer.hikari.HikariDataSource       : HikariPool-1 - Shutdown completed.
2022-01-16 02:21:38.491  INFO 10492 --- [           main] ConditionEvaluationReportLoggingListener : 

Error starting ApplicationContext. To display the conditions report re-run your application with 'debug' enabled.
2022-01-16 02:21:38.495 ERROR 10492 --- [           main] o.s.boot.SpringApplication               : Application run failed

org.springframework.beans.factory.BeanCreationException: Error creating bean with name 'liquibase' defined in ru.job4j.forum.Main: Invocation of init method failed; nested exception is liquibase.exception.MigrationFailedException: Migration failed for change set db/schema.sql::raw::includeAll:
     Reason: liquibase.exception.DatabaseException: Невозможно удалить "AUTHORITIES", пока существует зависимый объект "FKRIXIKJHJFEL192YJ7W7XAPDS7"
Cannot drop "AUTHORITIES" because "FKRIXIKJHJFEL192YJ7W7XAPDS7" depends on it; SQL statement:
drop table if exists posts; [90107-200] [Failed SQL: drop table if exists posts;
drop table if exists authorities;
drop table if exists users;


create table posts (
    id serial primary key,
    name varchar(2000),
    description text,
    created timestamp without time zone not null default now()
);

CREATE TABLE authorities (
id serial primary key,
authority VARCHAR(50) NOT NULL unique
);

CREATE TABLE users (
id serial primary key,
username VARCHAR(50) NOT NULL unique,
password VARCHAR(100) NOT NULL,
enabled boolean default true,
authority_id int not null references authorities(id)
);]
	at org.springframework.beans.factory.support.AbstractAutowireCapableBeanFactory.initializeBean(AbstractAutowireCapableBeanFactory.java:1796) ~[spring-beans-5.2.2.RELEASE.jar:5.2.2.RELEASE]
	at org.springframework.beans.factory.support.AbstractAutowireCapableBeanFactory.doCreateBean(AbstractAutowireCapableBeanFactory.java:595) ~[spring-beans-5.2.2.RELEASE.jar:5.2.2.RELEASE]
	at org.springframework.beans.factory.support.AbstractAutowireCapableBeanFactory.createBean(AbstractAutowireCapableBeanFactory.java:517) ~[spring-beans-5.2.2.RELEASE.jar:5.2.2.RELEASE]
	at org.springframework.beans.factory.support.AbstractBeanFactory.lambda$doGetBean$0(AbstractBeanFactory.java:323) ~[spring-beans-5.2.2.RELEASE.jar:5.2.2.RELEASE]
	at org.springframework.beans.factory.support.DefaultSingletonBeanRegistry.getSingleton(DefaultSingletonBeanRegistry.java:222) ~[spring-beans-5.2.2.RELEASE.jar:5.2.2.RELEASE]
	at org.springframework.beans.factory.support.AbstractBeanFactory.doGetBean(AbstractBeanFactory.java:321) ~[spring-beans-5.2.2.RELEASE.jar:5.2.2.RELEASE]
	at org.springframework.beans.factory.support.AbstractBeanFactory.getBean(AbstractBeanFactory.java:202) ~[spring-beans-5.2.2.RELEASE.jar:5.2.2.RELEASE]
	at org.springframework.beans.factory.support.AbstractBeanFactory.doGetBean(AbstractBeanFactory.java:310) ~[spring-beans-5.2.2.RELEASE.jar:5.2.2.RELEASE]
	at org.springframework.beans.factory.support.AbstractBeanFactory.getBean(AbstractBeanFactory.java:202) ~[spring-beans-5.2.2.RELEASE.jar:5.2.2.RELEASE]
	at org.springframework.context.support.AbstractApplicationContext.getBean(AbstractApplicationContext.java:1108) ~[spring-context-5.2.2.RELEASE.jar:5.2.2.RELEASE]
	at org.springframework.context.support.AbstractApplicationContext.finishBeanFactoryInitialization(AbstractApplicationContext.java:868) ~[spring-context-5.2.2.RELEASE.jar:5.2.2.RELEASE]
	at org.springframework.context.support.AbstractApplicationContext.refresh(AbstractApplicationContext.java:550) ~[spring-context-5.2.2.RELEASE.jar:5.2.2.RELEASE]
	at org.springframework.boot.SpringApplication.refresh(SpringApplication.java:747) ~[spring-boot-2.2.2.RELEASE.jar:2.2.2.RELEASE]
	at org.springframework.boot.SpringApplication.refreshContext(SpringApplication.java:397) ~[spring-boot-2.2.2.RELEASE.jar:2.2.2.RELEASE]
	at org.springframework.boot.SpringApplication.run(SpringApplication.java:315) ~[spring-boot-2.2.2.RELEASE.jar:2.2.2.RELEASE]
	at org.springframework.boot.test.context.SpringBootContextLoader.loadContext(SpringBootContextLoader.java:125) ~[spring-boot-test-2.2.2.RELEASE.jar:2.2.2.RELEASE]
	at org.springframework.test.context.cache.DefaultCacheAwareContextLoaderDelegate.loadContextInternal(DefaultCacheAwareContextLoaderDelegate.java:99) ~[spring-test-5.2.2.RELEASE.jar:5.2.2.RELEASE]
	at org.springframework.test.context.cache.DefaultCacheAwareContextLoaderDelegate.loadContext(DefaultCacheAwareContextLoaderDelegate.java:124) ~[spring-test-5.2.2.RELEASE.jar:5.2.2.RELEASE]
	at org.springframework.test.context.support.DefaultTestContext.getApplicationContext(DefaultTestContext.java:123) ~[spring-test-5.2.2.RELEASE.jar:5.2.2.RELEASE]
	at org.springframework.test.context.web.ServletTestExecutionListener.setUpRequestContextIfNecessary(ServletTestExecutionListener.java:190) ~[spring-test-5.2.2.RELEASE.jar:5.2.2.RELEASE]
	at org.springframework.test.context.web.ServletTestExecutionListener.prepareTestInstance(ServletTestExecutionListener.java:132) ~[spring-test-5.2.2.RELEASE.jar:5.2.2.RELEASE]
	at org.springframework.test.context.TestContextManager.prepareTestInstance(TestContextManager.java:244) ~[spring-test-5.2.2.RELEASE.jar:5.2.2.RELEASE]
	at org.springframework.test.context.junit.jupiter.SpringExtension.postProcessTestInstance(SpringExtension.java:98) ~[spring-test-5.2.2.RELEASE.jar:5.2.2.RELEASE]
	at org.junit.jupiter.engine.descriptor.ClassBasedTestDescriptor.lambda$invokeTestInstancePostProcessors$5(ClassBasedTestDescriptor.java:337) ~[junit-jupiter-engine-5.5.2.jar:5.5.2]
	at org.junit.jupiter.engine.descriptor.ClassBasedTestDescriptor.executeAndMaskThrowable(ClassBasedTestDescriptor.java:342) ~[junit-jupiter-engine-5.5.2.jar:5.5.2]
	at org.junit.jupiter.engine.descriptor.ClassBasedTestDescriptor.lambda$invokeTestInstancePostProcessors$6(ClassBasedTestDescriptor.java:337) ~[junit-jupiter-engine-5.5.2.jar:5.5.2]
	at java.base/java.util.stream.ReferencePipeline$3$1.accept(ReferencePipeline.java:195) ~[na:na]
	at java.base/java.util.stream.ReferencePipeline$2$1.accept(ReferencePipeline.java:177) ~[na:na]
	at java.base/java.util.ArrayList$ArrayListSpliterator.forEachRemaining(ArrayList.java:1625) ~[na:na]
	at java.base/java.util.stream.AbstractPipeline.copyInto(AbstractPipeline.java:484) ~[na:na]
	at java.base/java.util.stream.AbstractPipeline.wrapAndCopyInto(AbstractPipeline.java:474) ~[na:na]
	at java.base/java.util.stream.StreamSpliterators$WrappingSpliterator.forEachRemaining(StreamSpliterators.java:312) ~[na:na]
	at java.base/java.util.stream.Streams$ConcatSpliterator.forEachRemaining(Streams.java:735) ~[na:na]
	at java.base/java.util.stream.Streams$ConcatSpliterator.forEachRemaining(Streams.java:734) ~[na:na]
	at java.base/java.util.stream.ReferencePipeline$Head.forEach(ReferencePipeline.java:658) ~[na:na]
	at org.junit.jupiter.engine.descriptor.ClassBasedTestDescriptor.invokeTestInstancePostProcessors(ClassBasedTestDescriptor.java:336) ~[junit-jupiter-engine-5.5.2.jar:5.5.2]
	at org.junit.jupiter.engine.descriptor.ClassBasedTestDescriptor.instantiateAndPostProcessTestInstance(ClassBasedTestDescriptor.java:259) ~[junit-jupiter-engine-5.5.2.jar:5.5.2]
	at org.junit.jupiter.engine.descriptor.ClassBasedTestDescriptor.lambda$testInstancesProvider$2(ClassBasedTestDescriptor.java:252) ~[junit-jupiter-engine-5.5.2.jar:5.5.2]
	at java.base/java.util.Optional.orElseGet(Optional.java:362) ~[na:na]
	at org.junit.jupiter.engine.descriptor.ClassBasedTestDescriptor.lambda$testInstancesProvider$3(ClassBasedTestDescriptor.java:251) ~[junit-jupiter-engine-5.5.2.jar:5.5.2]
	at org.junit.jupiter.engine.execution.TestInstancesProvider.getTestInstances(TestInstancesProvider.java:29) ~[junit-jupiter-engine-5.5.2.jar:5.5.2]
	at org.junit.jupiter.engine.descriptor.TestMethodTestDescriptor.lambda$prepare$0(TestMethodTestDescriptor.java:106) ~[junit-jupiter-engine-5.5.2.jar:5.5.2]
	at org.junit.platform.engine.support.hierarchical.ThrowableCollector.execute(ThrowableCollector.java:73) ~[junit-platform-engine-1.5.2.jar:1.5.2]
	at org.junit.jupiter.engine.descriptor.TestMethodTestDescriptor.prepare(TestMethodTestDescriptor.java:105) ~[junit-jupiter-engine-5.5.2.jar:5.5.2]
	at org.junit.jupiter.engine.descriptor.TestMethodTestDescriptor.prepare(TestMethodTestDescriptor.java:69) ~[junit-jupiter-engine-5.5.2.jar:5.5.2]
	at org.junit.platform.engine.support.hierarchical.NodeTestTask.lambda$prepare$1(NodeTestTask.java:107) ~[junit-platform-engine-1.5.2.jar:1.5.2]
	at org.junit.platform.engine.support.hierarchical.ThrowableCollector.execute(ThrowableCollector.java:73) ~[junit-platform-engine-1.5.2.jar:1.5.2]
	at org.junit.platform.engine.support.hierarchical.NodeTestTask.prepare(NodeTestTask.java:107) ~[junit-platform-engine-1.5.2.jar:1.5.2]
	at org.junit.platform.engine.support.hierarchical.NodeTestTask.execute(NodeTestTask.java:75) ~[junit-platform-engine-1.5.2.jar:1.5.2]
	at java.base/java.util.ArrayList.forEach(ArrayList.java:1511) ~[na:na]
	at org.junit.platform.engine.support.hierarchical.SameThreadHierarchicalTestExecutorService.invokeAll(SameThreadHierarchicalTestExecutorService.java:38) ~[junit-platform-engine-1.5.2.jar:1.5.2]
	at org.junit.platform.engine.support.hierarchical.NodeTestTask.lambda$executeRecursively$5(NodeTestTask.java:139) ~[junit-platform-engine-1.5.2.jar:1.5.2]
	at org.junit.platform.engine.support.hierarchical.ThrowableCollector.execute(ThrowableCollector.java:73) ~[junit-platform-engine-1.5.2.jar:1.5.2]
	at org.junit.platform.engine.support.hierarchical.NodeTestTask.lambda$executeRecursively$7(NodeTestTask.java:125) ~[junit-platform-engine-1.5.2.jar:1.5.2]
	at org.junit.platform.engine.support.hierarchical.Node.around(Node.java:135) ~[junit-platform-engine-1.5.2.jar:1.5.2]
	at org.junit.platform.engine.support.hierarchical.NodeTestTask.lambda$executeRecursively$8(NodeTestTask.java:123) ~[junit-platform-engine-1.5.2.jar:1.5.2]
	at org.junit.platform.engine.support.hierarchical.ThrowableCollector.execute(ThrowableCollector.java:73) ~[junit-platform-engine-1.5.2.jar:1.5.2]
	at org.junit.platform.engine.support.hierarchical.NodeTestTask.executeRecursively(NodeTestTask.java:122) ~[junit-platform-engine-1.5.2.jar:1.5.2]
	at org.junit.platform.engine.support.hierarchical.NodeTestTask.execute(NodeTestTask.java:80) ~[junit-platform-engine-1.5.2.jar:1.5.2]
	at java.base/java.util.ArrayList.forEach(ArrayList.java:1511) ~[na:na]
	at org.junit.platform.engine.support.hierarchical.SameThreadHierarchicalTestExecutorService.invokeAll(SameThreadHierarchicalTestExecutorService.java:38) ~[junit-platform-engine-1.5.2.jar:1.5.2]
	at org.junit.platform.engine.support.hierarchical.NodeTestTask.lambda$executeRecursively$5(NodeTestTask.java:139) ~[junit-platform-engine-1.5.2.jar:1.5.2]
	at org.junit.platform.engine.support.hierarchical.ThrowableCollector.execute(ThrowableCollector.java:73) ~[junit-platform-engine-1.5.2.jar:1.5.2]
	at org.junit.platform.engine.support.hierarchical.NodeTestTask.lambda$executeRecursively$7(NodeTestTask.java:125) ~[junit-platform-engine-1.5.2.jar:1.5.2]
	at org.junit.platform.engine.support.hierarchical.Node.around(Node.java:135) ~[junit-platform-engine-1.5.2.jar:1.5.2]
	at org.junit.platform.engine.support.hierarchical.NodeTestTask.lambda$executeRecursively$8(NodeTestTask.java:123) ~[junit-platform-engine-1.5.2.jar:1.5.2]
	at org.junit.platform.engine.support.hierarchical.ThrowableCollector.execute(ThrowableCollector.java:73) ~[junit-platform-engine-1.5.2.jar:1.5.2]
	at org.junit.platform.engine.support.hierarchical.NodeTestTask.executeRecursively(NodeTestTask.java:122) ~[junit-platform-engine-1.5.2.jar:1.5.2]
	at org.junit.platform.engine.support.hierarchical.NodeTestTask.execute(NodeTestTask.java:80) ~[junit-platform-engine-1.5.2.jar:1.5.2]
	at org.junit.platform.engine.support.hierarchical.SameThreadHierarchicalTestExecutorService.submit(SameThreadHierarchicalTestExecutorService.java:32) ~[junit-platform-engine-1.5.2.jar:1.5.2]
	at org.junit.platform.engine.support.hierarchical.HierarchicalTestExecutor.execute(HierarchicalTestExecutor.java:57) ~[junit-platform-engine-1.5.2.jar:1.5.2]
	at org.junit.platform.engine.support.hierarchical.HierarchicalTestEngine.execute(HierarchicalTestEngine.java:51) ~[junit-platform-engine-1.5.2.jar:1.5.2]
	at org.junit.platform.launcher.core.DefaultLauncher.execute(DefaultLauncher.java:220) ~[junit-platform-launcher-1.3.1.jar:1.3.1]
	at org.junit.platform.launcher.core.DefaultLauncher.lambda$execute$6(DefaultLauncher.java:188) ~[junit-platform-launcher-1.3.1.jar:1.3.1]
	at org.junit.platform.launcher.core.DefaultLauncher.withInterceptedStreams(DefaultLauncher.java:202) ~[junit-platform-launcher-1.3.1.jar:1.3.1]
	at org.junit.platform.launcher.core.DefaultLauncher.execute(DefaultLauncher.java:181) ~[junit-platform-launcher-1.3.1.jar:1.3.1]
	at org.junit.platform.launcher.core.DefaultLauncher.execute(DefaultLauncher.java:128) ~[junit-platform-launcher-1.3.1.jar:1.3.1]
	at org.apache.maven.surefire.junitplatform.JUnitPlatformProvider.invokeAllTests(JUnitPlatformProvider.java:150) ~[surefire-junit-platform-2.22.2.jar:2.22.2]
	at org.apache.maven.surefire.junitplatform.JUnitPlatformProvider.invoke(JUnitPlatformProvider.java:124) ~[surefire-junit-platform-2.22.2.jar:2.22.2]
	at org.apache.maven.surefire.booter.ForkedBooter.invokeProviderInSameClassLoader(ForkedBooter.java:384) ~[surefire-booter-2.22.2.jar:2.22.2]
	at org.apache.maven.surefire.booter.ForkedBooter.runSuitesInProcess(ForkedBooter.java:345) ~[surefire-booter-2.22.2.jar:2.22.2]
	at org.apache.maven.surefire.booter.ForkedBooter.execute(ForkedBooter.java:126) ~[surefire-booter-2.22.2.jar:2.22.2]
	at org.apache.maven.surefire.booter.ForkedBooter.main(ForkedBooter.java:418) ~[surefire-booter-2.22.2.jar:2.22.2]
Caused by: liquibase.exception.MigrationFailedException: Migration failed for change set db/schema.sql::raw::includeAll:
     Reason: liquibase.exception.DatabaseException: Невозможно удалить "AUTHORITIES", пока существует зависимый объект "FKRIXIKJHJFEL192YJ7W7XAPDS7"
Cannot drop "AUTHORITIES" because "FKRIXIKJHJFEL192YJ7W7XAPDS7" depends on it; SQL statement:
drop table if exists posts; [90107-200] [Failed SQL: drop table if exists posts;
drop table if exists authorities;
drop table if exists users;


create table posts (
    id serial primary key,
    name varchar(2000),
    description text,
    created timestamp without time zone not null default now()
);

CREATE TABLE authorities (
id serial primary key,
authority VARCHAR(50) NOT NULL unique
);

CREATE TABLE users (
id serial primary key,
username VARCHAR(50) NOT NULL unique,
password VARCHAR(100) NOT NULL,
enabled boolean default true,
authority_id int not null references authorities(id)
);]
	at liquibase.changelog.ChangeSet.execute(ChangeSet.java:637) ~[liquibase-core-3.6.2.jar:na]
	at liquibase.changelog.visitor.UpdateVisitor.visit(UpdateVisitor.java:53) ~[liquibase-core-3.6.2.jar:na]
	at liquibase.changelog.ChangeLogIterator.run(ChangeLogIterator.java:78) ~[liquibase-core-3.6.2.jar:na]
	at liquibase.Liquibase.update(Liquibase.java:202) ~[liquibase-core-3.6.2.jar:na]
	at liquibase.Liquibase.update(Liquibase.java:179) ~[liquibase-core-3.6.2.jar:na]
	at liquibase.integration.spring.SpringLiquibase.performUpdate(SpringLiquibase.java:353) ~[liquibase-core-3.6.2.jar:na]
	at liquibase.integration.spring.SpringLiquibase.afterPropertiesSet(SpringLiquibase.java:305) ~[liquibase-core-3.6.2.jar:na]
	at org.springframework.beans.factory.support.AbstractAutowireCapableBeanFactory.invokeInitMethods(AbstractAutowireCapableBeanFactory.java:1855) ~[spring-beans-5.2.2.RELEASE.jar:5.2.2.RELEASE]
	at org.springframework.beans.factory.support.AbstractAutowireCapableBeanFactory.initializeBean(AbstractAutowireCapableBeanFactory.java:1792) ~[spring-beans-5.2.2.RELEASE.jar:5.2.2.RELEASE]
	... 82 common frames omitted
Caused by: liquibase.exception.DatabaseException: Невозможно удалить "AUTHORITIES", пока существует зависимый объект "FKRIXIKJHJFEL192YJ7W7XAPDS7"
Cannot drop "AUTHORITIES" because "FKRIXIKJHJFEL192YJ7W7XAPDS7" depends on it; SQL statement:
drop table if exists posts; [90107-200] [Failed SQL: drop table if exists posts;
drop table if exists authorities;
drop table if exists users;


create table posts (
    id serial primary key,
    name varchar(2000),
    description text,
    created timestamp without time zone not null default now()
);

CREATE TABLE authorities (
id serial primary key,
authority VARCHAR(50) NOT NULL unique
);

CREATE TABLE users (
id serial primary key,
username VARCHAR(50) NOT NULL unique,
password VARCHAR(100) NOT NULL,
enabled boolean default true,
authority_id int not null references authorities(id)
);]
	at liquibase.executor.jvm.JdbcExecutor$ExecuteStatementCallback.doInStatement(JdbcExecutor.java:356) ~[liquibase-core-3.6.2.jar:na]
	at liquibase.executor.jvm.JdbcExecutor.execute(JdbcExecutor.java:57) ~[liquibase-core-3.6.2.jar:na]
	at liquibase.executor.jvm.JdbcExecutor.execute(JdbcExecutor.java:125) ~[liquibase-core-3.6.2.jar:na]
	at liquibase.database.AbstractJdbcDatabase.execute(AbstractJdbcDatabase.java:1229) ~[liquibase-core-3.6.2.jar:na]
	at liquibase.database.AbstractJdbcDatabase.executeStatements(AbstractJdbcDatabase.java:1211) ~[liquibase-core-3.6.2.jar:na]
	at liquibase.changelog.ChangeSet.execute(ChangeSet.java:600) ~[liquibase-core-3.6.2.jar:na]
	... 90 common frames omitted
Caused by: org.h2.jdbc.JdbcSQLSyntaxErrorException: Невозможно удалить "AUTHORITIES", пока существует зависимый объект "FKRIXIKJHJFEL192YJ7W7XAPDS7"
Cannot drop "AUTHORITIES" because "FKRIXIKJHJFEL192YJ7W7XAPDS7" depends on it; SQL statement:
drop table if exists posts; [90107-200]
	at org.h2.message.DbException.getJdbcSQLException(DbException.java:576) ~[h2-1.4.200.jar:1.4.200]
	at org.h2.message.DbException.getJdbcSQLException(DbException.java:429) ~[h2-1.4.200.jar:1.4.200]
	at org.h2.message.DbException.get(DbException.java:205) ~[h2-1.4.200.jar:1.4.200]
	at org.h2.command.ddl.DropTable.prepareDrop(DropTable.java:98) ~[h2-1.4.200.jar:1.4.200]
	at org.h2.command.ddl.DropTable.update(DropTable.java:124) ~[h2-1.4.200.jar:1.4.200]
	at org.h2.command.CommandList.executeRemaining(CommandList.java:50) ~[h2-1.4.200.jar:1.4.200]
	at org.h2.command.CommandList.update(CommandList.java:67) ~[h2-1.4.200.jar:1.4.200]
	at org.h2.command.Command.executeUpdate(Command.java:251) ~[h2-1.4.200.jar:1.4.200]
	at org.h2.jdbc.JdbcStatement.executeInternal(JdbcStatement.java:228) ~[h2-1.4.200.jar:1.4.200]
	at org.h2.jdbc.JdbcStatement.execute(JdbcStatement.java:201) ~[h2-1.4.200.jar:1.4.200]
	at com.zaxxer.hikari.pool.ProxyStatement.execute(ProxyStatement.java:95) ~[HikariCP-3.4.1.jar:na]
	at com.zaxxer.hikari.pool.HikariProxyStatement.execute(HikariProxyStatement.java) ~[HikariCP-3.4.1.jar:na]
	at liquibase.executor.jvm.JdbcExecutor$ExecuteStatementCallback.doInStatement(JdbcExecutor.java:352) ~[liquibase-core-3.6.2.jar:na]
	... 95 common frames omitted

2022-01-16 02:21:38.500 ERROR 10492 --- [           main] o.s.test.context.TestContextManager      : Caught exception while allowing TestExecutionListener [org.springframework.test.context.web.ServletTestExecutionListener@3bd323e9] to prepare test instance [ru.job4j.forum.control.IndexControlTest@7bb25046]

java.lang.IllegalStateException: Failed to load ApplicationContext
	at org.springframework.test.context.cache.DefaultCacheAwareContextLoaderDelegate.loadContext(DefaultCacheAwareContextLoaderDelegate.java:132) ~[spring-test-5.2.2.RELEASE.jar:5.2.2.RELEASE]
	at org.springframework.test.context.support.DefaultTestContext.getApplicationContext(DefaultTestContext.java:123) ~[spring-test-5.2.2.RELEASE.jar:5.2.2.RELEASE]
	at org.springframework.test.context.web.ServletTestExecutionListener.setUpRequestContextIfNecessary(ServletTestExecutionListener.java:190) ~[spring-test-5.2.2.RELEASE.jar:5.2.2.RELEASE]
	at org.springframework.test.context.web.ServletTestExecutionListener.prepareTestInstance(ServletTestExecutionListener.java:132) ~[spring-test-5.2.2.RELEASE.jar:5.2.2.RELEASE]
	at org.springframework.test.context.TestContextManager.prepareTestInstance(TestContextManager.java:244) ~[spring-test-5.2.2.RELEASE.jar:5.2.2.RELEASE]
	at org.springframework.test.context.junit.jupiter.SpringExtension.postProcessTestInstance(SpringExtension.java:98) ~[spring-test-5.2.2.RELEASE.jar:5.2.2.RELEASE]
	at org.junit.jupiter.engine.descriptor.ClassBasedTestDescriptor.lambda$invokeTestInstancePostProcessors$5(ClassBasedTestDescriptor.java:337) ~[junit-jupiter-engine-5.5.2.jar:5.5.2]
	at org.junit.jupiter.engine.descriptor.ClassBasedTestDescriptor.executeAndMaskThrowable(ClassBasedTestDescriptor.java:342) ~[junit-jupiter-engine-5.5.2.jar:5.5.2]
	at org.junit.jupiter.engine.descriptor.ClassBasedTestDescriptor.lambda$invokeTestInstancePostProcessors$6(ClassBasedTestDescriptor.java:337) ~[junit-jupiter-engine-5.5.2.jar:5.5.2]
	at java.base/java.util.stream.ReferencePipeline$3$1.accept(ReferencePipeline.java:195) ~[na:na]
	at java.base/java.util.stream.ReferencePipeline$2$1.accept(ReferencePipeline.java:177) ~[na:na]
	at java.base/java.util.ArrayList$ArrayListSpliterator.forEachRemaining(ArrayList.java:1625) ~[na:na]
	at java.base/java.util.stream.AbstractPipeline.copyInto(AbstractPipeline.java:484) ~[na:na]
	at java.base/java.util.stream.AbstractPipeline.wrapAndCopyInto(AbstractPipeline.java:474) ~[na:na]
	at java.base/java.util.stream.StreamSpliterators$WrappingSpliterator.forEachRemaining(StreamSpliterators.java:312) ~[na:na]
	at java.base/java.util.stream.Streams$ConcatSpliterator.forEachRemaining(Streams.java:735) ~[na:na]
	at java.base/java.util.stream.Streams$ConcatSpliterator.forEachRemaining(Streams.java:734) ~[na:na]
	at java.base/java.util.stream.ReferencePipeline$Head.forEach(ReferencePipeline.java:658) ~[na:na]
	at org.junit.jupiter.engine.descriptor.ClassBasedTestDescriptor.invokeTestInstancePostProcessors(ClassBasedTestDescriptor.java:336) ~[junit-jupiter-engine-5.5.2.jar:5.5.2]
	at org.junit.jupiter.engine.descriptor.ClassBasedTestDescriptor.instantiateAndPostProcessTestInstance(ClassBasedTestDescriptor.java:259) ~[junit-jupiter-engine-5.5.2.jar:5.5.2]
	at org.junit.jupiter.engine.descriptor.ClassBasedTestDescriptor.lambda$testInstancesProvider$2(ClassBasedTestDescriptor.java:252) ~[junit-jupiter-engine-5.5.2.jar:5.5.2]
	at java.base/java.util.Optional.orElseGet(Optional.java:362) ~[na:na]
	at org.junit.jupiter.engine.descriptor.ClassBasedTestDescriptor.lambda$testInstancesProvider$3(ClassBasedTestDescriptor.java:251) ~[junit-jupiter-engine-5.5.2.jar:5.5.2]
	at org.junit.jupiter.engine.execution.TestInstancesProvider.getTestInstances(TestInstancesProvider.java:29) ~[junit-jupiter-engine-5.5.2.jar:5.5.2]
	at org.junit.jupiter.engine.descriptor.TestMethodTestDescriptor.lambda$prepare$0(TestMethodTestDescriptor.java:106) ~[junit-jupiter-engine-5.5.2.jar:5.5.2]
	at org.junit.platform.engine.support.hierarchical.ThrowableCollector.execute(ThrowableCollector.java:73) ~[junit-platform-engine-1.5.2.jar:1.5.2]
	at org.junit.jupiter.engine.descriptor.TestMethodTestDescriptor.prepare(TestMethodTestDescriptor.java:105) ~[junit-jupiter-engine-5.5.2.jar:5.5.2]
	at org.junit.jupiter.engine.descriptor.TestMethodTestDescriptor.prepare(TestMethodTestDescriptor.java:69) ~[junit-jupiter-engine-5.5.2.jar:5.5.2]
	at org.junit.platform.engine.support.hierarchical.NodeTestTask.lambda$prepare$1(NodeTestTask.java:107) ~[junit-platform-engine-1.5.2.jar:1.5.2]
	at org.junit.platform.engine.support.hierarchical.ThrowableCollector.execute(ThrowableCollector.java:73) ~[junit-platform-engine-1.5.2.jar:1.5.2]
	at org.junit.platform.engine.support.hierarchical.NodeTestTask.prepare(NodeTestTask.java:107) ~[junit-platform-engine-1.5.2.jar:1.5.2]
	at org.junit.platform.engine.support.hierarchical.NodeTestTask.execute(NodeTestTask.java:75) ~[junit-platform-engine-1.5.2.jar:1.5.2]
	at java.base/java.util.ArrayList.forEach(ArrayList.java:1511) ~[na:na]
	at org.junit.platform.engine.support.hierarchical.SameThreadHierarchicalTestExecutorService.invokeAll(SameThreadHierarchicalTestExecutorService.java:38) ~[junit-platform-engine-1.5.2.jar:1.5.2]
	at org.junit.platform.engine.support.hierarchical.NodeTestTask.lambda$executeRecursively$5(NodeTestTask.java:139) ~[junit-platform-engine-1.5.2.jar:1.5.2]
	at org.junit.platform.engine.support.hierarchical.ThrowableCollector.execute(ThrowableCollector.java:73) ~[junit-platform-engine-1.5.2.jar:1.5.2]
	at org.junit.platform.engine.support.hierarchical.NodeTestTask.lambda$executeRecursively$7(NodeTestTask.java:125) ~[junit-platform-engine-1.5.2.jar:1.5.2]
	at org.junit.platform.engine.support.hierarchical.Node.around(Node.java:135) ~[junit-platform-engine-1.5.2.jar:1.5.2]
	at org.junit.platform.engine.support.hierarchical.NodeTestTask.lambda$executeRecursively$8(NodeTestTask.java:123) ~[junit-platform-engine-1.5.2.jar:1.5.2]
	at org.junit.platform.engine.support.hierarchical.ThrowableCollector.execute(ThrowableCollector.java:73) ~[junit-platform-engine-1.5.2.jar:1.5.2]
	at org.junit.platform.engine.support.hierarchical.NodeTestTask.executeRecursively(NodeTestTask.java:122) ~[junit-platform-engine-1.5.2.jar:1.5.2]
	at org.junit.platform.engine.support.hierarchical.NodeTestTask.execute(NodeTestTask.java:80) ~[junit-platform-engine-1.5.2.jar:1.5.2]
	at java.base/java.util.ArrayList.forEach(ArrayList.java:1511) ~[na:na]
	at org.junit.platform.engine.support.hierarchical.SameThreadHierarchicalTestExecutorService.invokeAll(SameThreadHierarchicalTestExecutorService.java:38) ~[junit-platform-engine-1.5.2.jar:1.5.2]
	at org.junit.platform.engine.support.hierarchical.NodeTestTask.lambda$executeRecursively$5(NodeTestTask.java:139) ~[junit-platform-engine-1.5.2.jar:1.5.2]
	at org.junit.platform.engine.support.hierarchical.ThrowableCollector.execute(ThrowableCollector.java:73) ~[junit-platform-engine-1.5.2.jar:1.5.2]
	at org.junit.platform.engine.support.hierarchical.NodeTestTask.lambda$executeRecursively$7(NodeTestTask.java:125) ~[junit-platform-engine-1.5.2.jar:1.5.2]
	at org.junit.platform.engine.support.hierarchical.Node.around(Node.java:135) ~[junit-platform-engine-1.5.2.jar:1.5.2]
	at org.junit.platform.engine.support.hierarchical.NodeTestTask.lambda$executeRecursively$8(NodeTestTask.java:123) ~[junit-platform-engine-1.5.2.jar:1.5.2]
	at org.junit.platform.engine.support.hierarchical.ThrowableCollector.execute(ThrowableCollector.java:73) ~[junit-platform-engine-1.5.2.jar:1.5.2]
	at org.junit.platform.engine.support.hierarchical.NodeTestTask.executeRecursively(NodeTestTask.java:122) ~[junit-platform-engine-1.5.2.jar:1.5.2]
	at org.junit.platform.engine.support.hierarchical.NodeTestTask.execute(NodeTestTask.java:80) ~[junit-platform-engine-1.5.2.jar:1.5.2]
	at org.junit.platform.engine.support.hierarchical.SameThreadHierarchicalTestExecutorService.submit(SameThreadHierarchicalTestExecutorService.java:32) ~[junit-platform-engine-1.5.2.jar:1.5.2]
	at org.junit.platform.engine.support.hierarchical.HierarchicalTestExecutor.execute(HierarchicalTestExecutor.java:57) ~[junit-platform-engine-1.5.2.jar:1.5.2]
	at org.junit.platform.engine.support.hierarchical.HierarchicalTestEngine.execute(HierarchicalTestEngine.java:51) ~[junit-platform-engine-1.5.2.jar:1.5.2]
	at org.junit.platform.launcher.core.DefaultLauncher.execute(DefaultLauncher.java:220) ~[junit-platform-launcher-1.3.1.jar:1.3.1]
	at org.junit.platform.launcher.core.DefaultLauncher.lambda$execute$6(DefaultLauncher.java:188) ~[junit-platform-launcher-1.3.1.jar:1.3.1]
	at org.junit.platform.launcher.core.DefaultLauncher.withInterceptedStreams(DefaultLauncher.java:202) ~[junit-platform-launcher-1.3.1.jar:1.3.1]
	at org.junit.platform.launcher.core.DefaultLauncher.execute(DefaultLauncher.java:181) ~[junit-platform-launcher-1.3.1.jar:1.3.1]
	at org.junit.platform.launcher.core.DefaultLauncher.execute(DefaultLauncher.java:128) ~[junit-platform-launcher-1.3.1.jar:1.3.1]
	at org.apache.maven.surefire.junitplatform.JUnitPlatformProvider.invokeAllTests(JUnitPlatformProvider.java:150) ~[surefire-junit-platform-2.22.2.jar:2.22.2]
	at org.apache.maven.surefire.junitplatform.JUnitPlatformProvider.invoke(JUnitPlatformProvider.java:124) ~[surefire-junit-platform-2.22.2.jar:2.22.2]
	at org.apache.maven.surefire.booter.ForkedBooter.invokeProviderInSameClassLoader(ForkedBooter.java:384) ~[surefire-booter-2.22.2.jar:2.22.2]
	at org.apache.maven.surefire.booter.ForkedBooter.runSuitesInProcess(ForkedBooter.java:345) ~[surefire-booter-2.22.2.jar:2.22.2]
	at org.apache.maven.surefire.booter.ForkedBooter.execute(ForkedBooter.java:126) ~[surefire-booter-2.22.2.jar:2.22.2]
	at org.apache.maven.surefire.booter.ForkedBooter.main(ForkedBooter.java:418) ~[surefire-booter-2.22.2.jar:2.22.2]
Caused by: org.springframework.beans.factory.BeanCreationException: Error creating bean with name 'liquibase' defined in ru.job4j.forum.Main: Invocation of init method failed; nested exception is liquibase.exception.MigrationFailedException: Migration failed for change set db/schema.sql::raw::includeAll:
     Reason: liquibase.exception.DatabaseException: Невозможно удалить "AUTHORITIES", пока существует зависимый объект "FKRIXIKJHJFEL192YJ7W7XAPDS7"
Cannot drop "AUTHORITIES" because "FKRIXIKJHJFEL192YJ7W7XAPDS7" depends on it; SQL statement:
drop table if exists posts; [90107-200] [Failed SQL: drop table if exists posts;
drop table if exists authorities;
drop table if exists users;


create table posts (
    id serial primary key,
    name varchar(2000),
    description text,
    created timestamp without time zone not null default now()
);

CREATE TABLE authorities (
id serial primary key,
authority VARCHAR(50) NOT NULL unique
);

CREATE TABLE users (
id serial primary key,
username VARCHAR(50) NOT NULL unique,
password VARCHAR(100) NOT NULL,
enabled boolean default true,
authority_id int not null references authorities(id)
);]
	at org.springframework.beans.factory.support.AbstractAutowireCapableBeanFactory.initializeBean(AbstractAutowireCapableBeanFactory.java:1796) ~[spring-beans-5.2.2.RELEASE.jar:5.2.2.RELEASE]
	at org.springframework.beans.factory.support.AbstractAutowireCapableBeanFactory.doCreateBean(AbstractAutowireCapableBeanFactory.java:595) ~[spring-beans-5.2.2.RELEASE.jar:5.2.2.RELEASE]
	at org.springframework.beans.factory.support.AbstractAutowireCapableBeanFactory.createBean(AbstractAutowireCapableBeanFactory.java:517) ~[spring-beans-5.2.2.RELEASE.jar:5.2.2.RELEASE]
	at org.springframework.beans.factory.support.AbstractBeanFactory.lambda$doGetBean$0(AbstractBeanFactory.java:323) ~[spring-beans-5.2.2.RELEASE.jar:5.2.2.RELEASE]
	at org.springframework.beans.factory.support.DefaultSingletonBeanRegistry.getSingleton(DefaultSingletonBeanRegistry.java:222) ~[spring-beans-5.2.2.RELEASE.jar:5.2.2.RELEASE]
	at org.springframework.beans.factory.support.AbstractBeanFactory.doGetBean(AbstractBeanFactory.java:321) ~[spring-beans-5.2.2.RELEASE.jar:5.2.2.RELEASE]
	at org.springframework.beans.factory.support.AbstractBeanFactory.getBean(AbstractBeanFactory.java:202) ~[spring-beans-5.2.2.RELEASE.jar:5.2.2.RELEASE]
	at org.springframework.beans.factory.support.AbstractBeanFactory.doGetBean(AbstractBeanFactory.java:310) ~[spring-beans-5.2.2.RELEASE.jar:5.2.2.RELEASE]
	at org.springframework.beans.factory.support.AbstractBeanFactory.getBean(AbstractBeanFactory.java:202) ~[spring-beans-5.2.2.RELEASE.jar:5.2.2.RELEASE]
	at org.springframework.context.support.AbstractApplicationContext.getBean(AbstractApplicationContext.java:1108) ~[spring-context-5.2.2.RELEASE.jar:5.2.2.RELEASE]
	at org.springframework.context.support.AbstractApplicationContext.finishBeanFactoryInitialization(AbstractApplicationContext.java:868) ~[spring-context-5.2.2.RELEASE.jar:5.2.2.RELEASE]
	at org.springframework.context.support.AbstractApplicationContext.refresh(AbstractApplicationContext.java:550) ~[spring-context-5.2.2.RELEASE.jar:5.2.2.RELEASE]
	at org.springframework.boot.SpringApplication.refresh(SpringApplication.java:747) ~[spring-boot-2.2.2.RELEASE.jar:2.2.2.RELEASE]
	at org.springframework.boot.SpringApplication.refreshContext(SpringApplication.java:397) ~[spring-boot-2.2.2.RELEASE.jar:2.2.2.RELEASE]
	at org.springframework.boot.SpringApplication.run(SpringApplication.java:315) ~[spring-boot-2.2.2.RELEASE.jar:2.2.2.RELEASE]
	at org.springframework.boot.test.context.SpringBootContextLoader.loadContext(SpringBootContextLoader.java:125) ~[spring-boot-test-2.2.2.RELEASE.jar:2.2.2.RELEASE]
	at org.springframework.test.context.cache.DefaultCacheAwareContextLoaderDelegate.loadContextInternal(DefaultCacheAwareContextLoaderDelegate.java:99) ~[spring-test-5.2.2.RELEASE.jar:5.2.2.RELEASE]
	at org.springframework.test.context.cache.DefaultCacheAwareContextLoaderDelegate.loadContext(DefaultCacheAwareContextLoaderDelegate.java:124) ~[spring-test-5.2.2.RELEASE.jar:5.2.2.RELEASE]
	... 65 common frames omitted
Caused by: liquibase.exception.MigrationFailedException: Migration failed for change set db/schema.sql::raw::includeAll:
     Reason: liquibase.exception.DatabaseException: Невозможно удалить "AUTHORITIES", пока существует зависимый объект "FKRIXIKJHJFEL192YJ7W7XAPDS7"
Cannot drop "AUTHORITIES" because "FKRIXIKJHJFEL192YJ7W7XAPDS7" depends on it; SQL statement:
drop table if exists posts; [90107-200] [Failed SQL: drop table if exists posts;
drop table if exists authorities;
drop table if exists users;


create table posts (
    id serial primary key,
    name varchar(2000),
    description text,
    created timestamp without time zone not null default now()
);

CREATE TABLE authorities (
id serial primary key,
authority VARCHAR(50) NOT NULL unique
);

CREATE TABLE users (
id serial primary key,
username VARCHAR(50) NOT NULL unique,
password VARCHAR(100) NOT NULL,
enabled boolean default true,
authority_id int not null references authorities(id)
);]
	at liquibase.changelog.ChangeSet.execute(ChangeSet.java:637) ~[liquibase-core-3.6.2.jar:na]
	at liquibase.changelog.visitor.UpdateVisitor.visit(UpdateVisitor.java:53) ~[liquibase-core-3.6.2.jar:na]
	at liquibase.changelog.ChangeLogIterator.run(ChangeLogIterator.java:78) ~[liquibase-core-3.6.2.jar:na]
	at liquibase.Liquibase.update(Liquibase.java:202) ~[liquibase-core-3.6.2.jar:na]
	at liquibase.Liquibase.update(Liquibase.java:179) ~[liquibase-core-3.6.2.jar:na]
	at liquibase.integration.spring.SpringLiquibase.performUpdate(SpringLiquibase.java:353) ~[liquibase-core-3.6.2.jar:na]
	at liquibase.integration.spring.SpringLiquibase.afterPropertiesSet(SpringLiquibase.java:305) ~[liquibase-core-3.6.2.jar:na]
	at org.springframework.beans.factory.support.AbstractAutowireCapableBeanFactory.invokeInitMethods(AbstractAutowireCapableBeanFactory.java:1855) ~[spring-beans-5.2.2.RELEASE.jar:5.2.2.RELEASE]
	at org.springframework.beans.factory.support.AbstractAutowireCapableBeanFactory.initializeBean(AbstractAutowireCapableBeanFactory.java:1792) ~[spring-beans-5.2.2.RELEASE.jar:5.2.2.RELEASE]
	... 82 common frames omitted
Caused by: liquibase.exception.DatabaseException: Невозможно удалить "AUTHORITIES", пока существует зависимый объект "FKRIXIKJHJFEL192YJ7W7XAPDS7"
Cannot drop "AUTHORITIES" because "FKRIXIKJHJFEL192YJ7W7XAPDS7" depends on it; SQL statement:
drop table if exists posts; [90107-200] [Failed SQL: drop table if exists posts;
drop table if exists authorities;
drop table if exists users;


create table posts (
    id serial primary key,
    name varchar(2000),
    description text,
    created timestamp without time zone not null default now()
);

CREATE TABLE authorities (
id serial primary key,
authority VARCHAR(50) NOT NULL unique
);

CREATE TABLE users (
id serial primary key,
username VARCHAR(50) NOT NULL unique,
password VARCHAR(100) NOT NULL,
enabled boolean default true,
authority_id int not null references authorities(id)
);]
	at liquibase.executor.jvm.JdbcExecutor$ExecuteStatementCallback.doInStatement(JdbcExecutor.java:356) ~[liquibase-core-3.6.2.jar:na]
	at liquibase.executor.jvm.JdbcExecutor.execute(JdbcExecutor.java:57) ~[liquibase-core-3.6.2.jar:na]
	at liquibase.executor.jvm.JdbcExecutor.execute(JdbcExecutor.java:125) ~[liquibase-core-3.6.2.jar:na]
	at liquibase.database.AbstractJdbcDatabase.execute(AbstractJdbcDatabase.java:1229) ~[liquibase-core-3.6.2.jar:na]
	at liquibase.database.AbstractJdbcDatabase.executeStatements(AbstractJdbcDatabase.java:1211) ~[liquibase-core-3.6.2.jar:na]
	at liquibase.changelog.ChangeSet.execute(ChangeSet.java:600) ~[liquibase-core-3.6.2.jar:na]
	... 90 common frames omitted
Caused by: org.h2.jdbc.JdbcSQLSyntaxErrorException: Невозможно удалить "AUTHORITIES", пока существует зависимый объект "FKRIXIKJHJFEL192YJ7W7XAPDS7"
Cannot drop "AUTHORITIES" because "FKRIXIKJHJFEL192YJ7W7XAPDS7" depends on it; SQL statement:
drop table if exists posts; [90107-200]
	at org.h2.message.DbException.getJdbcSQLException(DbException.java:576) ~[h2-1.4.200.jar:1.4.200]
	at org.h2.message.DbException.getJdbcSQLException(DbException.java:429) ~[h2-1.4.200.jar:1.4.200]
	at org.h2.message.DbException.get(DbException.java:205) ~[h2-1.4.200.jar:1.4.200]
	at org.h2.command.ddl.DropTable.prepareDrop(DropTable.java:98) ~[h2-1.4.200.jar:1.4.200]
	at org.h2.command.ddl.DropTable.update(DropTable.java:124) ~[h2-1.4.200.jar:1.4.200]
	at org.h2.command.CommandList.executeRemaining(CommandList.java:50) ~[h2-1.4.200.jar:1.4.200]
	at org.h2.command.CommandList.update(CommandList.java:67) ~[h2-1.4.200.jar:1.4.200]
	at org.h2.command.Command.executeUpdate(Command.java:251) ~[h2-1.4.200.jar:1.4.200]
	at org.h2.jdbc.JdbcStatement.executeInternal(JdbcStatement.java:228) ~[h2-1.4.200.jar:1.4.200]
	at org.h2.jdbc.JdbcStatement.execute(JdbcStatement.java:201) ~[h2-1.4.200.jar:1.4.200]
	at com.zaxxer.hikari.pool.ProxyStatement.execute(ProxyStatement.java:95) ~[HikariCP-3.4.1.jar:na]
	at com.zaxxer.hikari.pool.HikariProxyStatement.execute(HikariProxyStatement.java) ~[HikariCP-3.4.1.jar:na]
	at liquibase.executor.jvm.JdbcExecutor$ExecuteStatementCallback.doInStatement(JdbcExecutor.java:352) ~[liquibase-core-3.6.2.jar:na]
	... 95 common frames omitted

]]></system-out>
  </testcase>
</testsuite>